2026-04-23 02:56:59 [INFO] Main - ============================================================
2026-04-23 02:56:59 [INFO] Main - Deprem Izleme Sistemi - IoT Bridge Backend Baslatiliyor
2026-04-23 02:56:59 [INFO] Main - ============================================================
2026-04-23 02:56:59 [INFO] FirebaseService - FirebaseService olusturuldu (Faz 2'de aktif edilecek).
2026-04-23 02:56:59 [INFO] FirebaseService - [PLACEHOLDER] Firebase baglantisi kurulacak.
2026-04-23 02:56:59 [INFO] MQTTClient - Baglaniliyor: broker.hivemq.com:1883 ...
2026-04-23 02:56:59 [INFO] MQTTClient - Dinleme dongusu baslatiliyor (loop_forever)...
2026-04-23 02:56:59 [INFO] MQTTClient - MQTT Broker'a baglanti basarili: broker.hivemq.com:1883
2026-04-23 02:56:59 [INFO] MQTTClient - Abone olundu: sensors/+/data
2026-04-23 02:56:59 [INFO] MQTTClient - Abone olundu: commands/main
2026-04-23 02:57:12 [INFO] MessageHandler - Normal veri   | Cihaz: SENSOR_01 | Richter: 1.5 | PGA: 0.04 | Zaman: 2026-04-23T02:57:12
2026-04-23 02:57:12 [INFO] Main - Bulut kanalina yonlendirildi: cloud/earthquake_events
2026-04-23 02:57:14 [INFO] MessageHandler - Normal veri   | Cihaz: SENSOR_01 | Richter: 1.4 | PGA: 0.03 | Zaman: 2026-04-23T02:57:14
2026-04-23 02:57:14 [INFO] Main - Bulut kanalina yonlendirildi: cloud/earthquake_events
2026-04-23 02:57:16 [INFO] MessageHandler - Normal veri   | Cihaz: SENSOR_01 | Richter: 1.7 | PGA: 0.04 | Zaman: 2026-04-23T02:57:16
2026-04-23 02:57:16 [INFO] Main - Bulut kanalina yonlendirildi: cloud/earthquake_events
2026-04-23 02:57:18 [INFO] MessageHandler - Normal veri   | Cihaz: SENSOR_01 | Richter: 1.3 | PGA: 0.04 | Zaman: 2026-04-23T02:57:18
2026-04-23 02:57:18 [INFO] Main - Bulut kanalina yonlendirildi: cloud/earthquake_events
2026-04-23 02:57:20 [INFO] MessageHandler - Normal veri   | Cihaz: SENSOR_01 | Richter: 1.6 | PGA: 0.01 | Zaman: 2026-04-23T02:57:20
2026-04-23 02:57:20 [INFO] Main - Bulut kanalina yonlendirildi: cloud/earthquake_events
2026-04-23 02:57:22 [WARNING] MessageHandler - DEPREM ALARMI! | Cihaz: SENSOR_01 | Richter: 5.0 | PGA: 1.11 | Zaman: 2026-04-23T02:57:22
2026-04-23 02:57:22 [INFO] FirebaseService - [PLACEHOLDER] Firebase'e yazildi -> device: SENSOR_01 | richter: 5.0
2026-04-23 02:57:22 [INFO] Main - Bulut kanalina yonlendirildi: cloud/earthquake_events
2026-04-23 03:34:42 [INFO] Main - ============================================================
2026-04-23 03:34:42 [INFO] Main - Deprem Izleme Sistemi - IoT Bridge Backend Baslatiliyor
2026-04-23 03:34:42 [INFO] Main - ============================================================
2026-04-23 03:34:42 [INFO] FirebaseService - Firebase baglantisi basarili | DB: https://earthquakemonitoring-289c5-default-rtdb.firebaseio.com/ | Node: /earthquake_events
2026-04-23 03:34:42 [INFO] MQTTClient - Baglaniliyor: broker.hivemq.com:1883 ...
2026-04-23 03:34:42 [INFO] MQTTClient - Dinleme dongusu baslatiliyor (loop_forever)...
2026-04-23 03:34:42 [INFO] MQTTClient - MQTT Broker'a baglanti basarili: broker.hivemq.com:1883
2026-04-23 03:34:42 [INFO] MQTTClient - Abone olundu: sensors/+/data
2026-04-23 03:34:42 [INFO] MQTTClient - Abone olundu: commands/main
2026-04-23 03:35:04 [INFO] MessageHandler - Normal veri   | Cihaz: SENSOR_01 | Richter: 0.7 | PGA: 0.02 | Zaman: 2026-04-23T03:35:00
2026-04-23 03:35:04 [INFO] Main - Bulut kanalina yonlendirildi: cloud/earthquake_events
2026-04-23 03:35:04 [INFO] MessageHandler - Normal veri   | Cihaz: SENSOR_01 | Richter: 1.0 | PGA: 0.04 | Zaman: 2026-04-23T03:35:02
2026-04-23 03:35:04 [INFO] Main - Bulut kanalina yonlendirildi: cloud/earthquake_events
2026-04-23 03:35:04 [INFO] MessageHandler - Normal veri   | Cihaz: SENSOR_01 | Richter: 1.7 | PGA: 0.03 | Zaman: 2026-04-23T03:35:04
2026-04-23 03:35:04 [INFO] Main - Bulut kanalina yonlendirildi: cloud/earthquake_events
2026-04-23 03:35:06 [INFO] MessageHandler - Normal veri   | Cihaz: SENSOR_01 | Richter: 1.7 | PGA: 0.04 | Zaman: 2026-04-23T03:35:06
2026-04-23 03:35:06 [INFO] Main - Bulut kanalina yonlendirildi: cloud/earthquake_events
2026-04-23 03:35:08 [INFO] MessageHandler - Normal veri   | Cihaz: SENSOR_01 | Richter: 1.3 | PGA: 0.01 | Zaman: 2026-04-23T03:35:08
2026-04-23 03:35:08 [INFO] Main - Bulut kanalina yonlendirildi: cloud/earthquake_events
2026-04-23 03:35:10 [WARNING] MessageHandler - DEPREM ALARMI! | Cihaz: SENSOR_01 | Richter: 5.1 | PGA: 1.03 | Zaman: 2026-04-23T03:35:10
2026-04-23 03:35:11 [ERROR] FirebaseService - Firebase yazma hatasi: Database lives in a different region. Please change your database URL to https://earthquakemonitoring-289c5-default-rtdb.europe-west1.firebasedatabase.app
2026-04-23 03:35:11 [INFO] MessageQueue - Kuyruga eklendi (1/50) | Topic: cloud/earthquake_events
2026-04-23 03:35:11 [WARNING] Main - Firebase'e yazilamadi, kuyruga eklendi.
2026-04-23 03:35:11 [INFO] Main - Bulut kanalina yonlendirildi: cloud/earthquake_events
2026-04-23 03:35:54 [INFO] Main - ============================================================
2026-04-23 03:35:54 [INFO] Main - Deprem Izleme Sistemi - IoT Bridge Backend Baslatiliyor
2026-04-23 03:35:54 [INFO] Main - ============================================================
2026-04-23 03:35:54 [INFO] FirebaseService - Firebase baglantisi basarili | DB: https://earthquakemonitoring-289c5-default-rtdb.europe-west1.firebasedatabase.app/ | Node: /earthquake_events
2026-04-23 03:35:54 [INFO] MQTTClient - Baglaniliyor: broker.hivemq.com:1883 ...
2026-04-23 03:35:54 [INFO] MQTTClient - Dinleme dongusu baslatiliyor (loop_forever)...
2026-04-23 03:35:54 [INFO] MQTTClient - MQTT Broker'a baglanti basarili: broker.hivemq.com:1883
2026-04-23 03:35:54 [INFO] MQTTClient - Abone olundu: sensors/+/data
2026-04-23 03:35:54 [INFO] MQTTClient - Abone olundu: commands/main
2026-04-23 03:36:11 [INFO] MessageHandler - Normal veri   | Cihaz: SENSOR_01 | Richter: 0.8 | PGA: 0.04 | Zaman: 2026-04-23T03:36:10
2026-04-23 03:36:11 [INFO] Main - Bulut kanalina yonlendirildi: cloud/earthquake_events
2026-04-23 03:36:12 [INFO] MessageHandler - Normal veri   | Cihaz: SENSOR_01 | Richter: 1.8 | PGA: 0.05 | Zaman: 2026-04-23T03:36:12
2026-04-23 03:36:12 [INFO] Main - Bulut kanalina yonlendirildi: cloud/earthquake_events
2026-04-23 03:36:14 [INFO] MessageHandler - Normal veri   | Cihaz: SENSOR_01 | Richter: 1.9 | PGA: 0.02 | Zaman: 2026-04-23T03:36:14
2026-04-23 03:36:14 [INFO] Main - Bulut kanalina yonlendirildi: cloud/earthquake_events
2026-04-23 03:36:16 [INFO] MessageHandler - Normal veri   | Cihaz: SENSOR_01 | Richter: 1.3 | PGA: 0.04 | Zaman: 2026-04-23T03:36:16
2026-04-23 03:36:16 [INFO] Main - Bulut kanalina yonlendirildi: cloud/earthquake_events
2026-04-23 03:36:18 [INFO] MessageHandler - Normal veri   | Cihaz: SENSOR_01 | Richter: 0.6 | PGA: 0.04 | Zaman: 2026-04-23T03:36:18
2026-04-23 03:36:18 [INFO] Main - Bulut kanalina yonlendirildi: cloud/earthquake_events
2026-04-23 03:36:20 [WARNING] MessageHandler - DEPREM ALARMI! | Cihaz: SENSOR_01 | Richter: 3.6 | PGA: 1.63 | Zaman: 2026-04-23T03:36:20
2026-04-23 03:36:21 [INFO] FirebaseService - Firebase'e yazildi | ID: -Oqrl25gOPRtdlWeECr2 | Cihaz: SENSOR_01 | Richter: 3.6
2026-04-23 03:36:21 [INFO] Main - Bulut kanalina yonlendirildi: cloud/earthquake_events
